<?xml version="1.0" encoding="UTF-8"?>
<!-- Generated by org.testng.reporters.JUnitReportReporter -->
<testsuite hostname="GSPL-LAP-10068878" failures="0" tests="4" name="Danger3.Q_Data_driven_Framework" time="0.011" errors="0" timestamp="2024-04-12T11:02:09 IST" skipped="0">
  <testcase classname="Danger3.Q_Data_driven_Framework" name="test1" time="0.001"/>
  <system-out/>
  <testcase classname="Danger3.Q_Data_driven_Framework" name="test1" time="0.007"/>
  <system-out/>
  <testcase classname="Danger3.Q_Data_driven_Framework" name="test1" time="0.001"/>
  <system-out/>
  <testcase classname="Danger3.Q_Data_driven_Framework" name="test1" time="0.002"/>
  <system-out/>
</testsuite> <!-- Danger3.Q_Data_driven_Framework -->
