<?xml version="1.0" encoding="UTF-8"?>
<!-- Generated by org.testng.reporters.JUnitReportReporter -->
<testsuite hostname="GSPL-LAP-10068878" failures="0" tests="4" name="p1.p3" time="0.009" errors="0" timestamp="2024-04-12T11:00:13 IST" skipped="0">
  <testcase classname="p1.p3" name="test1" time="0.001"/>
  <system-out/>
  <testcase classname="p1.p3" name="test1" time="0.006"/>
  <system-out/>
  <testcase classname="p1.p3" name="test1" time="0.001"/>
  <system-out/>
  <testcase classname="p1.p3" name="test1" time="0.001"/>
  <system-out/>
</testsuite> <!-- p1.p3 -->
